2023-07-07 12:32:49,846 [DEBUG][http-listener-1(3)][LOGIN] SignIn Parametros: source -> partner | body -> {
  "apiKey": "fortaleza_apikey_12345_TEST",
  "password": "Test_password-fortaleza",
  "uniqueCustomerIdentifier": "CLIE001",
  "deviceId": "BOBAN005",
  "email": "morozco@grupofortaleza.com.bo"
}
2023-07-07 12:32:49,847 [DEBUG][http-listener-1(3)][LOGIN] Query Credenciales: select cr.apikey, cr.password, pt.id_partner from partner pt, credenciales cr where  pt.id_partner = cr.id_partner and cr.apiKey = 'fortaleza_apikey_12345_TEST' and cr.password = 'Test_password-fortaleza' and pt.id_partner = 'BOBAN005' and pt.email_contacto_primario = 'morozco@grupofortaleza.com.bo'
2023-07-07 12:32:49,849 [DEBUG][http-listener-1(3)][LOGIN] Query Verificar Cliente: select validar_cliente_bank(CLIE001, BOBAN005, morozco@grupofortaleza.com.bo)
2023-07-07 12:32:49,857 [DEBUG][http-listener-1(3)][LOGIN] Exception Query Credenciales: java.sql.SQLSyntaxErrorException: You have an error in your SQL syntax; check the manual that corresponds to your MariaDB server version for the right syntax to use near '@grupofortaleza.com.bo)' at line 1
2023-07-07 12:32:49,858 [DEBUG][http-listener-1(3)][LOGIN] No existen las credenciales
2023-07-07 12:32:49,858 [DEBUG][http-listener-1(3)][LOGIN] Exception SignIn Method: java.lang.Exception
2023-07-07 15:08:31,797 [DEBUG][http-listener-1(4)][LOGIN] SignIn Parametros: source -> partner | body -> {
  "apiKey": "fortaleza_apikey_12345_TEST",
  "password": "Test_password-fortaleza",
  "uniqueCustomerIdentifier": "CLIE001",
  "deviceId": "BOBAN005",
  "email": "morozco@grupofortaleza.com.bo"
}
2023-07-07 15:08:31,889 [DEBUG][http-listener-1(4)][LOGIN] Query Credenciales: select cr.apikey, cr.password, pt.id_partner from partner pt, credenciales cr where  pt.id_partner = cr.id_partner and cr.apiKey = 'fortaleza_apikey_12345_TEST' and cr.password = 'Test_password-fortaleza' and pt.id_partner = 'BOBAN005' and pt.email_contacto_primario = 'morozco@grupofortaleza.com.bo'
2023-07-07 15:08:31,961 [DEBUG][http-listener-1(4)][LOGIN] Query Verificar Cliente: call validar_cliente_bank(CLIE001, BOBAN005, morozco@grupofortaleza.com.bo)
2023-07-07 15:08:31,991 [DEBUG][http-listener-1(4)][LOGIN] Exception Query Credenciales: java.sql.SQLSyntaxErrorException: Unknown column 'CLIE001' in 'field list'
2023-07-07 15:08:31,991 [DEBUG][http-listener-1(4)][LOGIN] No existen las credenciales
2023-07-07 15:08:31,991 [DEBUG][http-listener-1(4)][LOGIN] Exception SignIn Method: java.lang.Exception
2023-07-07 15:08:35,910 [DEBUG][http-listener-1(1)][LOGIN] SignIn Parametros: source -> partner | body -> {
  "apiKey": "fortaleza_apikey_12345_TEST",
  "password": "Test_password-fortaleza",
  "uniqueCustomerIdentifier": "CLIE001",
  "deviceId": "BOBAN005",
  "email": "morozco@grupofortaleza.com.bo"
}
2023-07-07 15:08:35,911 [DEBUG][http-listener-1(1)][LOGIN] Query Credenciales: select cr.apikey, cr.password, pt.id_partner from partner pt, credenciales cr where  pt.id_partner = cr.id_partner and cr.apiKey = 'fortaleza_apikey_12345_TEST' and cr.password = 'Test_password-fortaleza' and pt.id_partner = 'BOBAN005' and pt.email_contacto_primario = 'morozco@grupofortaleza.com.bo'
2023-07-07 15:08:35,913 [DEBUG][http-listener-1(1)][LOGIN] Query Verificar Cliente: call validar_cliente_bank(CLIE001, BOBAN005, morozco@grupofortaleza.com.bo)
2023-07-07 15:08:35,914 [DEBUG][http-listener-1(1)][LOGIN] Exception Query Credenciales: java.sql.SQLSyntaxErrorException: Unknown column 'CLIE001' in 'field list'
2023-07-07 15:08:35,915 [DEBUG][http-listener-1(1)][LOGIN] No existen las credenciales
2023-07-07 15:08:35,915 [DEBUG][http-listener-1(1)][LOGIN] Exception SignIn Method: java.lang.Exception
2023-07-07 15:08:37,527 [DEBUG][http-listener-1(5)][LOGIN] SignIn Parametros: source -> partner | body -> {
  "apiKey": "fortaleza_apikey_12345_TEST",
  "password": "Test_password-fortaleza",
  "uniqueCustomerIdentifier": "CLIE001",
  "deviceId": "BOBAN005",
  "email": "morozco@grupofortaleza.com.bo"
}
2023-07-07 15:08:37,527 [DEBUG][http-listener-1(5)][LOGIN] Query Credenciales: select cr.apikey, cr.password, pt.id_partner from partner pt, credenciales cr where  pt.id_partner = cr.id_partner and cr.apiKey = 'fortaleza_apikey_12345_TEST' and cr.password = 'Test_password-fortaleza' and pt.id_partner = 'BOBAN005' and pt.email_contacto_primario = 'morozco@grupofortaleza.com.bo'
2023-07-07 15:08:37,528 [DEBUG][http-listener-1(5)][LOGIN] Query Verificar Cliente: call validar_cliente_bank(CLIE001, BOBAN005, morozco@grupofortaleza.com.bo)
2023-07-07 15:08:37,529 [DEBUG][http-listener-1(5)][LOGIN] Exception Query Credenciales: java.sql.SQLSyntaxErrorException: Unknown column 'CLIE001' in 'field list'
2023-07-07 15:08:37,529 [DEBUG][http-listener-1(5)][LOGIN] No existen las credenciales
2023-07-07 15:08:37,529 [DEBUG][http-listener-1(5)][LOGIN] Exception SignIn Method: java.lang.Exception
2023-07-07 15:45:32,993 [DEBUG][http-listener-1(4)][LOGIN] SignIn Parametros: source -> partner | body -> {
  "apiKey": "fortaleza_apikey_12345_TEST",
  "password": "Test_password-fortaleza",
  "uniqueCustomerIdentifier": "CLIE001",
  "deviceId": "BOBAN005",
  "email": "morozco@grupofortaleza.com.bo"
}
2023-07-07 15:50:59,269 [DEBUG][http-listener-1(1)][LOGIN] SignIn Parametros: source -> partner | body -> {
  "apiKey": "fortaleza_apikey_12345_TEST",
  "password": "Test_password-fortaleza",
  "uniqueCustomerIdentifier": "CLIE001",
  "deviceId": "BOBAN004",
  "email": "morozco@union.com.bo"
}
2023-07-07 15:51:16,383 [DEBUG][http-listener-1(4)][LOGIN] Query Credenciales: select cr.apikey, cr.password, pt.id_partner from partner pt, credenciales cr where  pt.id_partner = cr.id_partner and cr.apiKey = 'fortaleza_apikey_12345_TEST' and cr.password = 'Test_password-fortaleza' and pt.id_partner = 'BOBAN005' and pt.email_contacto_primario = 'morozco@grupofortaleza.com.bo'
2023-07-07 15:51:17,545 [DEBUG][http-listener-1(1)][LOGIN] Query Credenciales: select cr.apikey, cr.password, pt.id_partner from partner pt, credenciales cr where  pt.id_partner = cr.id_partner and cr.apiKey = 'fortaleza_apikey_12345_TEST' and cr.password = 'Test_password-fortaleza' and pt.id_partner = 'BOBAN004' and pt.email_contacto_primario = 'morozco@union.com.bo'
2023-07-07 15:51:17,546 [DEBUG][http-listener-1(1)][LOGIN] No existen las credenciales
2023-07-07 15:51:17,546 [DEBUG][http-listener-1(1)][LOGIN] Exception SignIn Method: java.lang.Exception
2023-07-07 15:51:18,641 [DEBUG][http-listener-1(4)][LOGIN] Query Verificar Cliente: select validar_cliente_bank(CLIE001, BOBAN005, morozco@grupofortaleza.com.bo)
2023-07-07 15:51:19,591 [DEBUG][http-listener-1(4)][LOGIN] Exception Query Credenciales: java.sql.SQLSyntaxErrorException: You have an error in your SQL syntax; check the manual that corresponds to your MariaDB server version for the right syntax to use near '@grupofortaleza.com.bo)' at line 1
2023-07-07 15:51:19,592 [DEBUG][http-listener-1(4)][LOGIN] No existen las credenciales
2023-07-07 15:51:19,592 [DEBUG][http-listener-1(4)][LOGIN] Exception SignIn Method: java.lang.Exception
2023-07-07 15:51:22,906 [DEBUG][http-listener-1(2)][LOGIN] SignIn Parametros: source -> partner | body -> {
  "apiKey": "fortaleza_apikey_12345_TEST",
  "password": "Test_password-fortaleza",
  "uniqueCustomerIdentifier": "CLIE001",
  "deviceId": "BOBAN004",
  "email": "morozco@union.com.bo"
}
2023-07-07 15:56:10,135 [DEBUG][http-listener-1(2)][LOGIN] Query Credenciales: select cr.apikey, cr.password, pt.id_partner from partner pt, credenciales cr where  pt.id_partner = cr.id_partner and cr.apiKey = 'fortaleza_apikey_12345_TEST' and cr.password = 'Test_password-fortaleza' and pt.id_partner = 'BOBAN004' and pt.email_contacto_primario = 'morozco@union.com.bo'
2023-07-07 15:56:10,137 [DEBUG][http-listener-1(2)][LOGIN] No existen las credenciales
2023-07-07 15:56:10,137 [DEBUG][http-listener-1(2)][LOGIN] Exception SignIn Method: java.lang.Exception
2023-07-07 15:56:22,162 [DEBUG][http-listener-1(2)][LOGIN] SignIn Parametros: source -> partner | body -> {
  "apiKey": "fortaleza_apikey_12345_TEST",
  "password": "Test_password-fortaleza",
  "uniqueCustomerIdentifier": "CLIE001",
  "deviceId": "BOBAN004",
  "email": "morozco@union.com.bo"
}
2023-07-07 15:56:22,301 [DEBUG][http-listener-1(2)][LOGIN] Query Credenciales: select cr.apikey, cr.password, pt.id_partner from partner pt, credenciales cr where  pt.id_partner = cr.id_partner and cr.apiKey = 'fortaleza_apikey_12345_TEST' and cr.password = 'Test_password-fortaleza' and pt.id_partner = 'BOBAN004'
2023-07-07 15:56:22,402 [DEBUG][http-listener-1(2)][LOGIN] No existen las credenciales
2023-07-07 15:56:22,402 [DEBUG][http-listener-1(2)][LOGIN] Exception SignIn Method: java.lang.Exception
2023-07-07 15:56:31,091 [DEBUG][http-listener-1(3)][LOGIN] SignIn Parametros: source -> partner | body -> {
  "apiKey": "fortaleza_apikey_12345_TEST",
  "password": "Test_password-fortaleza",
  "uniqueCustomerIdentifier": "CLIE001",
  "deviceId": "BOBAN005",
  "email": "morozco@union.com.bo"
}
2023-07-07 15:56:31,092 [DEBUG][http-listener-1(3)][LOGIN] Query Credenciales: select cr.apikey, cr.password, pt.id_partner from partner pt, credenciales cr where  pt.id_partner = cr.id_partner and cr.apiKey = 'fortaleza_apikey_12345_TEST' and cr.password = 'Test_password-fortaleza' and pt.id_partner = 'BOBAN005'
2023-07-07 15:56:31,093 [DEBUG][http-listener-1(3)][LOGIN] Query Verificar Cliente: select validar_cliente_bank(CLIE001, BOBAN005, morozco@union.com.bo)
2023-07-07 15:56:31,129 [DEBUG][http-listener-1(3)][LOGIN] Exception Query Credenciales: java.sql.SQLSyntaxErrorException: You have an error in your SQL syntax; check the manual that corresponds to your MariaDB server version for the right syntax to use near '@union.com.bo)' at line 1
2023-07-07 15:56:31,129 [DEBUG][http-listener-1(3)][LOGIN] No existen las credenciales
2023-07-07 15:56:31,129 [DEBUG][http-listener-1(3)][LOGIN] Exception SignIn Method: java.lang.Exception
2023-07-07 15:57:28,336 [DEBUG][http-listener-1(1)][LOGIN] SignIn Parametros: source -> partner | body -> {
  "apiKey": "fortaleza_apikey_12345_TEST",
  "password": "Test_password-fortaleza",
  "uniqueCustomerIdentifier": "CLIE001",
  "deviceId": "BOBAN005",
  "email": "morozco@union.com.bo"
}
2023-07-07 15:59:06,807 [DEBUG][http-listener-1(1)][LOGIN] Query Credenciales: select cr.apikey, cr.password, pt.id_partner from partner pt, credenciales cr where  pt.id_partner = cr.id_partner and cr.apiKey = 'fortaleza_apikey_12345_TEST' and cr.password = 'Test_password-fortaleza' and pt.id_partner = 'BOBAN005'
2023-07-07 15:59:22,979 [DEBUG][http-listener-1(1)][LOGIN] Query Verificar Cliente: select validar_cliente_bank(CLIE001, BOBAN005, morozco@union.com.bo)
2023-07-07 15:59:52,347 [DEBUG][http-listener-1(1)][LOGIN] Exception Query Credenciales: java.sql.SQLSyntaxErrorException: You have an error in your SQL syntax; check the manual that corresponds to your MariaDB server version for the right syntax to use near '@union.com.bo)' at line 1
2023-07-07 16:00:37,009 [DEBUG][http-listener-1(1)][LOGIN] No existen las credenciales
2023-07-07 16:00:37,009 [DEBUG][http-listener-1(1)][LOGIN] Exception SignIn Method: java.lang.Exception
2023-07-07 16:10:47,063 [DEBUG][http-listener-1(4)][LOGIN] SignIn Parametros: source -> partner | body -> {
  "apiKey": "fortaleza_apikey_12345_TEST",
  "password": "Test_password-fortaleza",
  "uniqueCustomerIdentifier": "CLIE001",
  "deviceId": "BOBAN005",
  "email": "morozco@union.com.bo"
}
2023-07-07 16:10:56,154 [DEBUG][http-listener-1(4)][LOGIN] Query Credenciales: select cr.apikey, cr.password, pt.id_partner from partner pt, credenciales cr where  pt.id_partner = cr.id_partner and cr.apiKey = 'fortaleza_apikey_12345_TEST' and cr.password = 'Test_password-fortaleza' and pt.id_partner = 'BOBAN005'
2023-07-07 22:38:36,701 [DEBUG][http-listener-1(3)][LOGIN] SignIn Parametros: source -> partner | body -> {
  "apiKey": "fortaleza_apikey_12345_TEST",
  "password": "Test_password-fortaleza",
  "uniqueCustomerIdentifier": "CLIE001",
  "deviceId": "BOBAN005",
  "email": "morozco@union.com.bo"
}
2023-07-07 22:38:36,947 [DEBUG][http-listener-1(3)][LOGIN] Query Credenciales: select cr.apikey, cr.password, pt.id_partner from partner pt, credenciales cr where  pt.id_partner = cr.id_partner and cr.apiKey = 'fortaleza_apikey_12345_TEST' and cr.password = 'Test_password-fortaleza' and pt.id_partner = 'BOBAN005'
2023-07-07 22:38:37,108 [DEBUG][http-listener-1(3)][LOGIN] Query Verificar Cliente: select validar_cliente_bank(CLIE001, BOBAN005, morozco@union.com.bo)
2023-07-07 22:38:37,208 [DEBUG][http-listener-1(3)][LOGIN] Exception Query Credenciales: java.sql.SQLSyntaxErrorException: You have an error in your SQL syntax; check the manual that corresponds to your MariaDB server version for the right syntax to use near '@union.com.bo)' at line 1
2023-07-07 22:38:37,211 [DEBUG][http-listener-1(3)][LOGIN] No existen las credenciales
2023-07-07 22:38:37,212 [DEBUG][http-listener-1(3)][LOGIN] Exception SignIn Method: java.lang.Exception
2023-07-07 22:38:40,577 [DEBUG][http-listener-1(2)][LOGIN] SignIn Parametros: source -> partner | body -> {
  "apiKey": "fortaleza_apikey_12345_TEST",
  "password": "Test_password-fortaleza",
  "uniqueCustomerIdentifier": "CLIE001",
  "deviceId": "BOBAN005",
  "email": "morozco@union.com.bo"
}
2023-07-07 22:38:40,579 [DEBUG][http-listener-1(2)][LOGIN] Query Credenciales: select cr.apikey, cr.password, pt.id_partner from partner pt, credenciales cr where  pt.id_partner = cr.id_partner and cr.apiKey = 'fortaleza_apikey_12345_TEST' and cr.password = 'Test_password-fortaleza' and pt.id_partner = 'BOBAN005'
2023-07-07 22:38:40,581 [DEBUG][http-listener-1(2)][LOGIN] Query Verificar Cliente: select validar_cliente_bank(CLIE001, BOBAN005, morozco@union.com.bo)
2023-07-07 22:38:40,582 [DEBUG][http-listener-1(2)][LOGIN] Exception Query Credenciales: java.sql.SQLSyntaxErrorException: You have an error in your SQL syntax; check the manual that corresponds to your MariaDB server version for the right syntax to use near '@union.com.bo)' at line 1
2023-07-07 22:38:40,583 [DEBUG][http-listener-1(2)][LOGIN] No existen las credenciales
2023-07-07 22:38:40,583 [DEBUG][http-listener-1(2)][LOGIN] Exception SignIn Method: java.lang.Exception
2023-07-07 22:38:42,927 [DEBUG][http-listener-1(1)][LOGIN] SignIn Parametros: source -> partner | body -> {
  "apiKey": "fortaleza_apikey_12345_TEST",
  "password": "Test_password-fortaleza",
  "uniqueCustomerIdentifier": "CLIE001",
  "deviceId": "BOBAN005",
  "email": "morozco@union.com.bo"
}
2023-07-07 22:38:42,928 [DEBUG][http-listener-1(1)][LOGIN] Query Credenciales: select cr.apikey, cr.password, pt.id_partner from partner pt, credenciales cr where  pt.id_partner = cr.id_partner and cr.apiKey = 'fortaleza_apikey_12345_TEST' and cr.password = 'Test_password-fortaleza' and pt.id_partner = 'BOBAN005'
2023-07-07 22:38:42,930 [DEBUG][http-listener-1(1)][LOGIN] Query Verificar Cliente: select validar_cliente_bank(CLIE001, BOBAN005, morozco@union.com.bo)
2023-07-07 22:38:42,931 [DEBUG][http-listener-1(1)][LOGIN] Exception Query Credenciales: java.sql.SQLSyntaxErrorException: You have an error in your SQL syntax; check the manual that corresponds to your MariaDB server version for the right syntax to use near '@union.com.bo)' at line 1
2023-07-07 22:38:42,932 [DEBUG][http-listener-1(1)][LOGIN] No existen las credenciales
2023-07-07 22:38:42,933 [DEBUG][http-listener-1(1)][LOGIN] Exception SignIn Method: java.lang.Exception
2023-07-10 10:52:15,739 [DEBUG][http-listener-1(3)][LOGIN] SignIn Parametros: source -> partner | body -> {
  "apiKey": "fortaleza_apikey_12345_TEST",
  "password": "Test_password-fortaleza",
  "uniqueCustomerIdentifier": "CLIE001",
  "deviceId": "BOBAN005",
  "email": "morozco@union.com.bo"
}
2023-07-10 10:52:15,799 [DEBUG][http-listener-1(3)][LOGIN] Query Validar Cliente Bank: select validar_cliente_bank(CLIE001, BOBAN005, morozco@union.com.bo, fortaleza_apikey_12345_TEST)
2023-07-10 10:52:15,829 [DEBUG][http-listener-1(3)][LOGIN] Exception Query Credenciales: java.sql.SQLSyntaxErrorException: You have an error in your SQL syntax; check the manual that corresponds to your MariaDB server version for the right syntax to use near '@union.com.bo, fortaleza_apikey_12345_TEST)' at line 1
2023-07-10 10:52:15,829 [DEBUG][http-listener-1(3)][LOGIN] No existen las credenciales
2023-07-10 10:52:15,829 [DEBUG][http-listener-1(3)][LOGIN] Exception SignIn Method: java.lang.Exception
2023-07-10 10:53:22,503 [DEBUG][http-listener-1(1)][LOGIN] SignIn Parametros: source -> partner | body -> {
  "apiKey": "fortaleza_apikey_12345_TEST",
  "password": "Test_password-fortaleza",
  "uniqueCustomerIdentifier": "CLIE001",
  "deviceId": "BOBAN005",
  "email": "morozco@grupofortaleza.com.bo"
}
2023-07-10 10:53:22,507 [DEBUG][http-listener-1(1)][LOGIN] Query Validar Cliente Bank: select validar_cliente_bank(CLIE001, BOBAN005, morozco@grupofortaleza.com.bo, fortaleza_apikey_12345_TEST)
2023-07-10 10:53:22,509 [DEBUG][http-listener-1(1)][LOGIN] Exception Query Credenciales: java.sql.SQLSyntaxErrorException: You have an error in your SQL syntax; check the manual that corresponds to your MariaDB server version for the right syntax to use near '@grupofortaleza.com.bo, fortaleza_apikey_12345_TEST)' at line 1
2023-07-10 10:53:22,510 [DEBUG][http-listener-1(1)][LOGIN] No existen las credenciales
2023-07-10 10:53:22,510 [DEBUG][http-listener-1(1)][LOGIN] Exception SignIn Method: java.lang.Exception
2023-07-10 10:54:14,014 [DEBUG][http-listener-1(2)][LOGIN] SignIn Parametros: source -> partner | body -> {
  "apiKey": "fortaleza_apikey_12345_TEST",
  "password": "Test_password-fortaleza",
  "uniqueCustomerIdentifier": "33333",
  "deviceId": "74859632",
  "email": "morozco@grupofortaleza.com.bo"
}
2023-07-10 10:54:14,023 [DEBUG][http-listener-1(2)][LOGIN] Query Validar Cliente Bank: select validar_cliente_bank(33333, 74859632, morozco@grupofortaleza.com.bo, fortaleza_apikey_12345_TEST)
2023-07-10 10:54:14,024 [DEBUG][http-listener-1(2)][LOGIN] Exception Query Credenciales: java.sql.SQLSyntaxErrorException: You have an error in your SQL syntax; check the manual that corresponds to your MariaDB server version for the right syntax to use near '@grupofortaleza.com.bo, fortaleza_apikey_12345_TEST)' at line 1
2023-07-10 10:54:14,025 [DEBUG][http-listener-1(2)][LOGIN] No existen las credenciales
2023-07-10 10:54:14,025 [DEBUG][http-listener-1(2)][LOGIN] Exception SignIn Method: java.lang.Exception
2023-07-10 10:54:22,273 [DEBUG][http-listener-1(3)][LOGIN] SignIn Parametros: source -> partner | body -> {
  "apiKey": "fortaleza_apikey_12345_TEST",
  "password": "Test_password-fortaleza",
  "uniqueCustomerIdentifier": "33333",
  "deviceId": "74859632",
  "email": "morozco@grupofortaleza.com.bo"
}
2023-07-10 10:54:22,274 [DEBUG][http-listener-1(3)][LOGIN] Query Validar Cliente Bank: select validar_cliente_bank(33333, 74859632, morozco@grupofortaleza.com.bo, fortaleza_apikey_12345_TEST)
2023-07-10 10:54:22,275 [DEBUG][http-listener-1(3)][LOGIN] Exception Query Credenciales: java.sql.SQLSyntaxErrorException: You have an error in your SQL syntax; check the manual that corresponds to your MariaDB server version for the right syntax to use near '@grupofortaleza.com.bo, fortaleza_apikey_12345_TEST)' at line 1
2023-07-10 10:54:22,275 [DEBUG][http-listener-1(3)][LOGIN] No existen las credenciales
2023-07-10 10:54:22,275 [DEBUG][http-listener-1(3)][LOGIN] Exception SignIn Method: java.lang.Exception
2023-07-10 11:12:56,543 [DEBUG][http-listener-1(5)][LOGIN] SignIn Parametros: source -> partner | body -> {
  "apiKey": "fortaleza_apikey_12345_TEST",
  "password": "Test_password-fortaleza",
  "uniqueCustomerIdentifier": "33333",
  "deviceId": "74859632",
  "email": "morozco@grupofortaleza.com.bo"
}
2023-07-10 11:13:08,551 [DEBUG][http-listener-1(5)][LOGIN] Query Validar Cliente Bank: select validar_cliente_bank(33333, 74859632, morozco@grupofortaleza.com.bo, fortaleza_apikey_12345_TEST)
2023-07-10 11:20:13,620 [DEBUG][http-listener-1(5)][LOGIN] Exception Query Credenciales: java.sql.SQLSyntaxErrorException: You have an error in your SQL syntax; check the manual that corresponds to your MariaDB server version for the right syntax to use near '@grupofortaleza.com.bo, fortaleza_apikey_12345_TEST)' at line 1
2023-07-10 11:20:13,628 [DEBUG][http-listener-1(5)][LOGIN] No existen las credenciales
2023-07-10 11:20:13,629 [DEBUG][http-listener-1(5)][LOGIN] Exception SignIn Method: java.lang.Exception
2023-07-10 11:20:36,585 [DEBUG][http-listener-1(5)][LOGIN] SignIn Parametros: source -> partner | body -> {
  "apiKey": "fortaleza_apikey_12345_TEST",
  "password": "Test_password-fortaleza",
  "uniqueCustomerIdentifier": "33333",
  "deviceId": "74859632",
  "email": "morozco@grupofortaleza.com.bo"
}
2023-07-10 11:20:51,875 [DEBUG][http-listener-1(5)][LOGIN] Query Validar Cliente Bank: call validar_cliente_bank(33333, 74859632, morozco@grupofortaleza.com.bo, fortaleza_apikey_12345_TEST)
2023-07-10 11:21:49,994 [DEBUG][http-listener-1(5)][LOGIN] Exception Query Credenciales: java.sql.SQLSyntaxErrorException: Unknown column 'morozco' in 'field list'
2023-07-10 11:22:43,545 [DEBUG][http-listener-1(5)][LOGIN] No existen las credenciales
2023-07-10 11:22:43,545 [DEBUG][http-listener-1(5)][LOGIN] Exception SignIn Method: java.lang.Exception
